[UNo]
10102=
9=;
10=;
123=;
85=;''
21=6;
205=;
220=;
216=;
219=;
306=;
8=;

[Width]
Ligne=-1;Arial;;12;No;-2147483640;1;N
NOM__9=90;Arial;;12;nom;-2147483640;0;O
PRENOM__10=208;Arial;;12;prenom;-2147483640;0;O
ANFOFI__123=106;Arial;;12;classe;-2147483640;0;O
CLASSE__85=0;Arial;;12;Classe;-2147483640;0;O
DATEANNIV__21=126;Arial;;12;anniv;-2147483640;2;O
NOMADR__205=364;Arial;;12;nomResp;-2147483640;0;O
EMAIL__220=454;Arial;;12;email;-2147483640;0;O
TEL__216=229;Arial;;12;telprive;-2147483640;0;O
GSM__219=229;Arial;;12;GSM;-2147483640;0;O
TEL__306=229;Arial;;12;telbureau;-2147483640;0;O
MATRIC__8=94;Arial;;12;Matric Info;-2147483640;1;O
ECOPROPRIO__3=-1;Arial;;12;Ecoles Propriétaires;-2147483640;0;N
ECOLE__76=-1;Arial;;12;Ecole;-2147483640;0;N
SEXE__17=-1;Arial;;12;Sexe;-2147483640;0;N
ANFOFI__123_1=-1;Arial;;12;AnFF;-2147483640;0;N
IMPLANTATION__97=-1;Arial;;12;Implantation;-2147483640;0;N
MATRIC__8_2=-1;Arial;;12;Matric Info;-2147483640;1;N
CLASSECLA__133=-1;Arial;;12;Classe Classements;-2147483640;0;N
OrdNo=-1;Arial;;12;OrdNo;-2147483640;1;N
Grid=;Arial;;12;1;

[Cols]
Ligne=0
NOM__9=1
PRENOM__10=2
ANFOFI__123=3
CLASSE__85=4
DATEANNIV__21=5
NOMADR__205=6
EMAIL__220=7
TEL__216=8
GSM__219=9
TEL__306=10
MATRIC__8=11
ECOPROPRIO__3=12
ECOLE__76=13
SEXE__17=14
ANFOFI__123_1=15
IMPLANTATION__97=16
MATRIC__8_2=17
CLASSECLA__133=18
OrdNo=19

[Constantes]
aa=;

[Titres]
No
nom
prenom
classe
Classe
anniv
nomResp
email
telprive
GSM
telbureau
Matric Info

[NumLignes]
NLig=N
[OptPrevis]
CBADAPTERLARGEUR.CHECKED=N
CBADAPTERZOOM.CHECKED=N
CBAUTOSTRETCH.CHECKED=N
CBAVECCADRE.CHECKED=O
CBAVECDATE.CHECKED=N
CBAVECENTETEPAGE.CHECKED=N
CBAVECGROUPE.CHECKED=O
CBAVECPAGE.CHECKED=N
CBAVECPIEDPAGE.CHECKED=N
CBAVECSOUSGROUPE.CHECKED=N
CBAVECTOTAUX.CHECKED=N
CBCENTREE.CHECKED=N
CBCONTINUERLIGNESUIV.CHECKED=N
CBDESSOUS.CHECKED=N
CBDESSOUSCHAQUEGROUPE.CHECKED=N
CBDESSOUSCHAQUEPAGE.CHECKED=N
CBDESSOUSFIN.CHECKED=N
CBDESSUS.CHECKED=N
CBDESSUSCHAQUEGROUPE.CHECKED=N
CBDESSUSCHAQUEPAGE.CHECKED=N
CBDESSUSDEBUT.CHECKED=N
CBLIBELLEGROUPE.CHECKED=O
CBLIBELLELONGGROUPE.CHECKED=N
CBLIBELLESOUSGROUPE.CHECKED=N
CBPAYSAGE.CHECKED=N
CBPIEDAVECDATE.CHECKED=N
CBPIEDAVECPAGE.CHECKED=N
CBPLUSIEURSPAGESLARGEUR.CHECKED=N
CBSANSCOULEUR.CHECKED=N
CBSANSTITRECOL.CHECKED=N
CBSAUTPAGEGROUPE.CHECKED=O
CBTOTAUXCURRENCY.CHECKED=N
CBUNIQTITRE.CHECKED=N
EDEXPRGROUPE.ITEMINDEX=-1
edExprGroupe.Text=ANFOFI__123 +' '+ CLASSECLA__133
edLibelleGroupe.Text=Lib(CLASSE__85,8,'4',ANFOFI__123,IMPLANTATION__97)
EDNBCARGROUPE.TEXT=5
EDNBCARSOUSGROUPE.TEXT=
EDPASSERNBLIGNES.TEXT=0,5
edTitreGroupe.Text=Classe
EDTITRESOUSGROUPE.TEXT=
EDZOOM.TEXT=100
TitreGroupe=Classe
[OptPage]
ReportTitle=
Page.Orientation=0
Page.PaperSize=9
Page.Width= 2.10000000000000E+0002
Page.Length= 2.97000000000000E+0002
Page.TopMargin= 1.00000000000000E+0001
Page.LeftMargin= 1.00000000000000E+0001
Page.RightMargin= 1.00000000000000E+0001
Page.BottomMargin= 1.00000000000000E+0001

[RTFDessus]

[RTFDessous]

[RTFEntete]

[RTFPied]

[RTFRegroup]

[RTFSousGroupe]

